Arguments: 
  /Users/abteilung/.nvm/versions/node/v16.5.0/bin/node /usr/local/Cellar/yarn/1.22.11/libexec/bin/yarn.js add fuse.js

PATH: 
  /Users/abteilung/.nvm/versions/node/v16.5.0/bin:/usr/local/opt/php@7.4/sbin:/usr/local/opt/php@7.4/bin:/usr/local/bin:/usr/bin:/bin:/usr/sbin:/sbin:/Library/Apple/usr/bin:/Users/abteilung/.nvm/versions/node/v16.5.0/bin:/usr/local/opt/php@7.4/sbin:/usr/local/opt/php@7.4/bin

Yarn version: 
  1.22.11

Node version: 
  16.5.0

Platform: 
  darwin x64

Trace: 
  SyntaxError: /Users/abteilung/Documents/chuchibude.ch/DistributionPackages/Abteilung.FuzzySearch/package.json: Unexpected end of JSON input
      at JSON.parse (<anonymous>)
      at /usr/local/Cellar/yarn/1.22.11/libexec/lib/cli.js:1625:59
      at Generator.next (<anonymous>)
      at step (/usr/local/Cellar/yarn/1.22.11/libexec/lib/cli.js:310:30)
      at /usr/local/Cellar/yarn/1.22.11/libexec/lib/cli.js:321:13

npm manifest: 
  

yarn manifest: 
  No manifest

Lockfile: 
  No lockfile
